[2025-04-23T11:52:59.811Z] Skipping product - no valid params object: 1847, 1843, 1839, 1842
[2025-04-23T11:53:39.771Z] Skipping product - no valid params object: 1847, 1843, 1839, 1842
[2025-04-23T11:57:10.224Z] Skipping product - no valid params object: 1847, 1843, 1839, 1842
[2025-04-23T13:29:43.846Z] Error processing product 5072: TypeError: Cannot read properties of null (reading 'data')
[2025-04-23T14:15:15.036Z] Error processing product 4431: TypeError: Cannot read properties of null (reading 'data')
[2025-04-23T14:39:46.963Z] Error processing product 5078: TypeError: Cannot read properties of null (reading 'data')
[2025-04-23T16:44:06.206Z] Error processing product 5065: TypeError: Cannot read properties of null (reading 'data')
[2025-04-23T18:16:39.930Z] Error processing product 5057: TypeError: Cannot read properties of null (reading 'data')
[2025-05-05T08:15:29.057Z] Продукт с part_number "78716" не имеет локализаций для параметров.
[2025-05-05T08:15:33.143Z] Продукт с part_number "78717" не имеет локализаций для параметров.
[2025-05-05T08:15:38.968Z] Продукт с part_number "78718" не имеет локализаций для параметров.
[2025-05-05T08:15:45.376Z] Продукт с part_number "78719" не имеет локализаций для параметров.
[2025-05-05T08:15:49.815Z] Продукт с part_number "78720" не имеет локализаций для параметров.
[2025-05-05T11:18:00,097] Продукт с part_number "78948" не имеет локализаций для параметров.
[2025-05-05T11:18:05,182] Продукт с part_number "78715" не имеет локализаций для параметров.
[2025-05-05T11:18:08,974] Продукт с part_number "78716" не имеет локализаций для параметров.
[2025-05-05T11:18:13,005] Продукт с part_number "78717" не имеет локализаций для параметров.
[2025-05-05T11:20:17,755] Продукт с part_number "80419" не имеет локализаций для параметров.
[2025-05-05T11:20:29,807] Продукт с part_number "80420" не имеет локализаций для параметров.
[2025-05-05T11:20:42,342] Продукт с part_number "80423" не имеет локализаций для параметров.
[2025-05-05T11:20:52,467] Продукт с part_number "80424" не имеет локализаций для параметров.
[2025-05-18T12:19:15,231] Error fetching subcategories: request to http://localhost:1337/api/subcategories?locale=uk&pagination[pageSize]=100&populate=category failed, reason: 
[2025-05-18T12:19:57,434] Error in script execution: Cannot read properties of undefined (reading 'data')
[2025-05-18T12:21:52,669] Orphaned subcategories:
ID: 186, Name: undefined
